

<!DOCTYPE html>
<html>

<head>
 <meta charset="utf-8">
 <meta name="viewport" content="width=device-width, initial-scale=1, shrink-to-fit=no">
 <title></title>
 <link rel="apple-touch-icon" href="https://cdn.jsdelivr.net/gh/extent-framework/extent-github-cdn@c439bdbc7bade3d85af3b90e9e69c30ebc87445f/commons/img/logo.png">
 <link rel="shortcut icon" href="https://cdn.jsdelivr.net/gh/extent-framework/extent-github-cdn@c439bdbc7bade3d85af3b90e9e69c30ebc87445f/commons/img/logo.png">
 <link href="https://cdn.jsdelivr.net/gh/extent-framework/extent-github-cdn@c439bdbc7bade3d85af3b90e9e69c30ebc87445f/spark/css/spark-style.css" rel="stylesheet" />
 <link href="https://stackpath.bootstrapcdn.com/font-awesome/4.7.0/css/font-awesome.min.css" rel="stylesheet">
 <script src="https://cdn.rawgit.com/extent-framework/extent-github-cdn/7cc78ce/spark/js/jsontree.js"></script>
 <style></style>
</head>
<body class="spa  standard">
 <div class="app">
  <div class="layout">
   <div class="header navbar">
 <div class="vheader">
  <div class="nav-logo">
   <a href="#">
	 <div class="logo" style="background-image: url('https://cdn.jsdelivr.net/gh/extent-framework/extent-github-cdn@c43b89d03a7c43dae8bb8f0f078bad1997af6b3b/commons/img/logo.png')"></div>
   </a>
  </div>
  <ul class="nav-left">
   <li class="search-box">
	<a class="search-toggle" href="#"><i class="search-icon fa fa-search"></i><i class="search-icon-close fa fa-close"></i></a>
   </li>
   <li class="search-input">
    <input id="search-tests" class="form-control" type="text" placeholder="Search...">
   </li>
  </ul>
  <ul class="nav-right">
   <li class="m-r-10"><a href="#"><span class="badge badge-primary"></span></a></li>
   <li class="m-r-10">
    <a href="#"><span class="badge badge-primary">05/06/2024 16:53:59</span></a>
   </li>
  </ul>
 </div>
</div>
   <div class="side-nav">
 <div class="side-nav-inner">
  <ul class="side-nav-menu">
   <li class="nav-item dropdown" onclick="toggleView('test-view')">
    <a id="nav-test" class="dropdown-toggle" href="#">
     <span class="ico"><i class="fa fa-list"></i></span>
    </a>
   </li>
   <li class="nav-item dropdown" onclick="toggleView('dashboard-view')">
    <a id="nav-dashboard" class="dropdown-toggle" href="#">
     <span class="ico"><i class="fa fa-bar-chart"></i></span>
    </a>
   </li>
  </ul>
 </div>
</div>

   <div class="vcontainer">
    <div class="main-content">
     

<div class="test-wrapper row view test-view">
  <div class="test-list">
    <div class="test-list-tools">
      <ul class="tools pull-left">
        <li><a href="#"><span class="font-size-14">Tests</span></a></li>
      </ul>
      <ul class="tools text-right">
        <li class="dropdown">
          <a href="#" class="dropdown-toggle" data-toggle="dropdown"><i class="fa fa-exclamation-circle"></i></a>
          <ul id="status-toggle" class="dropdown-menu dropdown-md p-v-0">
 <a class="dropdown-item" status="pass" href="#"><span>Pass</span><span class="status success"></span></a>  <a class="dropdown-item" status="fail" href="#"><span>Fail</span><span class="status danger"></span></a>             <div class="dropdown-divider"></div>
            <a status="clear" class="dropdown-item" href="#"><span>Clear</span><span class="pull-right"><i class="fa fa-close"></i></span></a>
          </ul>
        </li>
      </ul>
    </div>
    <div class="test-list-wrapper scrollable">
      <ul class="test-list-item">
        <li class="test-item" status="fail" test-id="1"
          author=""
          tag=""
          device="">
          <div class="test-detail">
            <p class="name">Test1_VerifyPageTitle</p>
            <p class="text-sm">
              <span>16:54:04</span> / <span>55.14 ms</span>
              <span class="badge fail-bg log float-right">Fail</span>
            </p>
          </div>
          <div class="test-contents d-none">
            <div class="detail-head">
              <div class="p-v-10">
                <div class="info">
                  <h5 class="test-status text-fail">Test1_VerifyPageTitle</h5>
                  <span class='badge badge-success'>05/06/2024 16:54:04</span>
                  <span class='badge badge-danger'>05/06/2024 16:54:04</span>
                  <span class='badge badge-default'>55.14 ms</span>
                  &middot; <span class='uri-anchor badge badge-default'>#test-id=1</span>
                  <span title='Skip to the next failed step' class='badge badge-danger pointer float-right ne ml-1'><i class="fa fa-fast-forward"></i></span>
                  <span title='Collapse all nodes' class='badge badge-default pointer float-right ct ml-1'><i class="fa fa-compress"></i></span>
                  <span title='Expand all nodes' class='badge badge-default pointer float-right et'><i class="fa fa-expand"></i></span>
                </div>
              </div>
            </div>


<div class="detail-body mt-4">


<table class="table table-sm">
  <thead><tr><th class="status-col">Status</th><th class="timestamp-col">Timestamp</th><th class="details-col">Details</th></tr></thead>
  <tbody>
      <tr class="event-row">
        <td><span class="badge log fail-bg">Fail</span></td>
        <td>16:54</td>
        <td>
NUnit.Framework.AssertionException:   Assert.That(actual, Is.EqualTo(expected))
  Expected string length 33 but was 42. Strings differ at index 0.
  Expected: "Test Page - Automation in Testing"
  But was:  "Selenium Test Page | Automation in Testing"
  -----------^

   at NUnit.Framework.Assert.ReportFailure(String message)
   at NUnit.Framework.Assert.ReportFailure(ConstraintResult result, String message, String actualExpression, String constraintExpression)
   at NUnit.Framework.Assert.That[TActual](TActual actual, IResolveConstraint expression, NUnitString message, String actualExpression, String constraintExpression)
   at NUnit.Framework.Legacy.ClassicAssert.AreEqual(Object expected, Object actual)
   at SeleniumTests.Tests.AutomationTestingPageTests.Test1_VerifyPageTitle() in C:\Users\kamir\source\repos\Selenium_Test\Tests\AutomationTestingPageTest.cs:line 76        </td>
      </tr>
      <tr class="event-row">
        <td><span class="badge log fail-bg">Fail</span></td>
        <td>16:54</td>
        <td>
Test ended with Fail<pre>   at NUnit.Framework.Legacy.ClassicAssert.AreEqual(Object expected, Object actual)
   at SeleniumTests.Tests.AutomationTestingPageTests.Test1_VerifyPageTitle() in C:\Users\kamir\source\repos\Selenium_Test\Tests\AutomationTestingPageTest.cs:line 76
</pre>        </td>
      </tr>
  </tbody>
</table></div>
          </div>
        </li>
        <li class="test-item" status="pass" test-id="2"
          author=""
          tag=""
          device="">
          <div class="test-detail">
            <p class="name">Test10_VerifyImagePresence</p>
            <p class="text-sm">
              <span>16:54:11</span> / <span>30.71 ms</span>
              <span class="badge pass-bg log float-right">Pass</span>
            </p>
          </div>
          <div class="test-contents d-none">
            <div class="detail-head">
              <div class="p-v-10">
                <div class="info">
                  <h5 class="test-status text-pass">Test10_VerifyImagePresence</h5>
                  <span class='badge badge-success'>05/06/2024 16:54:11</span>
                  <span class='badge badge-danger'>05/06/2024 16:54:11</span>
                  <span class='badge badge-default'>30.71 ms</span>
                  &middot; <span class='uri-anchor badge badge-default'>#test-id=2</span>
                  <span title='Skip to the next failed step' class='badge badge-danger pointer float-right ne ml-1'><i class="fa fa-fast-forward"></i></span>
                  <span title='Collapse all nodes' class='badge badge-default pointer float-right ct ml-1'><i class="fa fa-compress"></i></span>
                  <span title='Expand all nodes' class='badge badge-default pointer float-right et'><i class="fa fa-expand"></i></span>
                </div>
              </div>
            </div>


<div class="detail-body mt-4">


<table class="table table-sm">
  <thead><tr><th class="status-col">Status</th><th class="timestamp-col">Timestamp</th><th class="details-col">Details</th></tr></thead>
  <tbody>
      <tr class="event-row">
        <td><span class="badge log pass-bg">Pass</span></td>
        <td>16:54</td>
        <td>
Verified image presence successfully.        </td>
      </tr>
      <tr class="event-row">
        <td><span class="badge log pass-bg">Pass</span></td>
        <td>16:54</td>
        <td>
Test ended with Pass        </td>
      </tr>
  </tbody>
</table></div>
          </div>
        </li>
        <li class="test-item" status="fail" test-id="3"
          author=""
          tag=""
          device="">
          <div class="test-detail">
            <p class="name">Test2_VerifyHeadingText</p>
            <p class="text-sm">
              <span>16:54:15</span> / <span>27.79 ms</span>
              <span class="badge fail-bg log float-right">Fail</span>
            </p>
          </div>
          <div class="test-contents d-none">
            <div class="detail-head">
              <div class="p-v-10">
                <div class="info">
                  <h5 class="test-status text-fail">Test2_VerifyHeadingText</h5>
                  <span class='badge badge-success'>05/06/2024 16:54:15</span>
                  <span class='badge badge-danger'>05/06/2024 16:54:15</span>
                  <span class='badge badge-default'>27.79 ms</span>
                  &middot; <span class='uri-anchor badge badge-default'>#test-id=3</span>
                  <span title='Skip to the next failed step' class='badge badge-danger pointer float-right ne ml-1'><i class="fa fa-fast-forward"></i></span>
                  <span title='Collapse all nodes' class='badge badge-default pointer float-right ct ml-1'><i class="fa fa-compress"></i></span>
                  <span title='Expand all nodes' class='badge badge-default pointer float-right et'><i class="fa fa-expand"></i></span>
                </div>
              </div>
            </div>


<div class="detail-body mt-4">


<table class="table table-sm">
  <thead><tr><th class="status-col">Status</th><th class="timestamp-col">Timestamp</th><th class="details-col">Details</th></tr></thead>
  <tbody>
      <tr class="event-row">
        <td><span class="badge log fail-bg">Fail</span></td>
        <td>16:54</td>
        <td>
NUnit.Framework.AssertionException:   Assert.That(actual, Is.EqualTo(expected))
  Expected string length 9 but was 18. Strings differ at index 0.
  Expected: "Test Page"
  But was:  "SELENIUM TEST PAGE"
  -----------^

   at NUnit.Framework.Assert.ReportFailure(String message)
   at NUnit.Framework.Assert.ReportFailure(ConstraintResult result, String message, String actualExpression, String constraintExpression)
   at NUnit.Framework.Assert.That[TActual](TActual actual, IResolveConstraint expression, NUnitString message, String actualExpression, String constraintExpression)
   at NUnit.Framework.Legacy.ClassicAssert.AreEqual(Object expected, Object actual)
   at SeleniumTests.Tests.AutomationTestingPageTests.Test2_VerifyHeadingText() in C:\Users\kamir\source\repos\Selenium_Test\Tests\AutomationTestingPageTest.cs:line 91        </td>
      </tr>
      <tr class="event-row">
        <td><span class="badge log fail-bg">Fail</span></td>
        <td>16:54</td>
        <td>
Test ended with Fail<pre>   at NUnit.Framework.Legacy.ClassicAssert.AreEqual(Object expected, Object actual)
   at SeleniumTests.Tests.AutomationTestingPageTests.Test2_VerifyHeadingText() in C:\Users\kamir\source\repos\Selenium_Test\Tests\AutomationTestingPageTest.cs:line 91
</pre>        </td>
      </tr>
  </tbody>
</table></div>
          </div>
        </li>
        <li class="test-item" status="pass" test-id="4"
          author=""
          tag=""
          device="">
          <div class="test-detail">
            <p class="name">Test3_VerifyTextInput</p>
            <p class="text-sm">
              <span>16:54:19</span> / <span>126.91 ms</span>
              <span class="badge pass-bg log float-right">Pass</span>
            </p>
          </div>
          <div class="test-contents d-none">
            <div class="detail-head">
              <div class="p-v-10">
                <div class="info">
                  <h5 class="test-status text-pass">Test3_VerifyTextInput</h5>
                  <span class='badge badge-success'>05/06/2024 16:54:19</span>
                  <span class='badge badge-danger'>05/06/2024 16:54:19</span>
                  <span class='badge badge-default'>126.91 ms</span>
                  &middot; <span class='uri-anchor badge badge-default'>#test-id=4</span>
                  <span title='Skip to the next failed step' class='badge badge-danger pointer float-right ne ml-1'><i class="fa fa-fast-forward"></i></span>
                  <span title='Collapse all nodes' class='badge badge-default pointer float-right ct ml-1'><i class="fa fa-compress"></i></span>
                  <span title='Expand all nodes' class='badge badge-default pointer float-right et'><i class="fa fa-expand"></i></span>
                </div>
              </div>
            </div>


<div class="detail-body mt-4">


<table class="table table-sm">
  <thead><tr><th class="status-col">Status</th><th class="timestamp-col">Timestamp</th><th class="details-col">Details</th></tr></thead>
  <tbody>
      <tr class="event-row">
        <td><span class="badge log pass-bg">Pass</span></td>
        <td>16:54</td>
        <td>
Verified text input successfully.        </td>
      </tr>
      <tr class="event-row">
        <td><span class="badge log pass-bg">Pass</span></td>
        <td>16:54</td>
        <td>
Test ended with Pass        </td>
      </tr>
  </tbody>
</table></div>
          </div>
        </li>
        <li class="test-item" status="fail" test-id="5"
          author=""
          tag=""
          device="">
          <div class="test-detail">
            <p class="name">Test4_VerifyTextAreaInput</p>
            <p class="text-sm">
              <span>16:54:23</span> / <span>17.94 ms</span>
              <span class="badge fail-bg log float-right">Fail</span>
            </p>
          </div>
          <div class="test-contents d-none">
            <div class="detail-head">
              <div class="p-v-10">
                <div class="info">
                  <h5 class="test-status text-fail">Test4_VerifyTextAreaInput</h5>
                  <span class='badge badge-success'>05/06/2024 16:54:23</span>
                  <span class='badge badge-danger'>05/06/2024 16:54:23</span>
                  <span class='badge badge-default'>17.94 ms</span>
                  &middot; <span class='uri-anchor badge badge-default'>#test-id=5</span>
                  <span title='Skip to the next failed step' class='badge badge-danger pointer float-right ne ml-1'><i class="fa fa-fast-forward"></i></span>
                  <span title='Collapse all nodes' class='badge badge-default pointer float-right ct ml-1'><i class="fa fa-compress"></i></span>
                  <span title='Expand all nodes' class='badge badge-default pointer float-right et'><i class="fa fa-expand"></i></span>
                </div>
              </div>
            </div>


<div class="detail-body mt-4">


<table class="table table-sm">
  <thead><tr><th class="status-col">Status</th><th class="timestamp-col">Timestamp</th><th class="details-col">Details</th></tr></thead>
  <tbody>
      <tr class="event-row">
        <td><span class="badge log fail-bg">Fail</span></td>
        <td>16:54</td>
        <td>
OpenQA.Selenium.NoSuchElementException: no such element: Unable to locate element: {"method":"css selector","selector":"#inputMessage"}
  (Session info: chrome=125.0.6422.142); For documentation on this error, please visit: https://www.selenium.dev/documentation/webdriver/troubleshooting/errors#no-such-element-exception
   at OpenQA.Selenium.WebDriver.UnpackAndThrowOnError(Response errorResponse, String commandToExecute)
   at OpenQA.Selenium.WebDriver.Execute(String driverCommandToExecute, Dictionary`2 parameters)
   at OpenQA.Selenium.WebDriver.FindElement(String mechanism, String value)
   at OpenQA.Selenium.By.<.ctor>b__11_0(ISearchContext context)
   at OpenQA.Selenium.By.FindElement(ISearchContext context)
   at OpenQA.Selenium.WebDriver.FindElement(By by)
   at SeleniumTests.PageObjects.AutomationTestingPage.get_TextAreaMessage() in C:\Users\kamir\source\repos\Selenium_Test\PageObjects\AutomationTestingPage.cs:line 21
   at SeleniumTests.PageObjects.AutomationTestingPage.EnterMessage(String message) in C:\Users\kamir\source\repos\Selenium_Test\PageObjects\AutomationTestingPage.cs:line 43
   at SeleniumTests.Tests.AutomationTestingPageTests.Test4_VerifyTextAreaInput() in C:\Users\kamir\source\repos\Selenium_Test\Tests\AutomationTestingPageTest.cs:line 122        </td>
      </tr>
      <tr class="event-row">
        <td><span class="badge log fail-bg">Fail</span></td>
        <td>16:54</td>
        <td>
Test ended with Fail<pre>   at OpenQA.Selenium.WebDriver.UnpackAndThrowOnError(Response errorResponse, String commandToExecute)
   at OpenQA.Selenium.WebDriver.Execute(String driverCommandToExecute, Dictionary`2 parameters)
   at OpenQA.Selenium.WebDriver.FindElement(String mechanism, String value)
   at OpenQA.Selenium.By.<.ctor>b__11_0(ISearchContext context)
   at OpenQA.Selenium.By.FindElement(ISearchContext context)
   at OpenQA.Selenium.WebDriver.FindElement(By by)
   at SeleniumTests.PageObjects.AutomationTestingPage.get_TextAreaMessage() in C:\Users\kamir\source\repos\Selenium_Test\PageObjects\AutomationTestingPage.cs:line 21
   at SeleniumTests.PageObjects.AutomationTestingPage.EnterMessage(String message) in C:\Users\kamir\source\repos\Selenium_Test\PageObjects\AutomationTestingPage.cs:line 43
   at SeleniumTests.Tests.AutomationTestingPageTests.Test4_VerifyTextAreaInput() in C:\Users\kamir\source\repos\Selenium_Test\Tests\AutomationTestingPageTest.cs:line 122
   at System.RuntimeMethodHandle.InvokeMethod(Object target, Void** arguments, Signature sig, Boolean isConstructor)
   at System.Reflection.MethodBaseInvoker.InvokeWithNoArgs(Object obj, BindingFlags invokeAttr)</pre>        </td>
      </tr>
  </tbody>
</table></div>
          </div>
        </li>
        <li class="test-item" status="fail" test-id="6"
          author=""
          tag=""
          device="">
          <div class="test-detail">
            <p class="name">Test5_VerifyDropdownSelection</p>
            <p class="text-sm">
              <span>16:54:27</span> / <span>22.52 ms</span>
              <span class="badge fail-bg log float-right">Fail</span>
            </p>
          </div>
          <div class="test-contents d-none">
            <div class="detail-head">
              <div class="p-v-10">
                <div class="info">
                  <h5 class="test-status text-fail">Test5_VerifyDropdownSelection</h5>
                  <span class='badge badge-success'>05/06/2024 16:54:27</span>
                  <span class='badge badge-danger'>05/06/2024 16:54:27</span>
                  <span class='badge badge-default'>22.52 ms</span>
                  &middot; <span class='uri-anchor badge badge-default'>#test-id=6</span>
                  <span title='Skip to the next failed step' class='badge badge-danger pointer float-right ne ml-1'><i class="fa fa-fast-forward"></i></span>
                  <span title='Collapse all nodes' class='badge badge-default pointer float-right ct ml-1'><i class="fa fa-compress"></i></span>
                  <span title='Expand all nodes' class='badge badge-default pointer float-right et'><i class="fa fa-expand"></i></span>
                </div>
              </div>
            </div>


<div class="detail-body mt-4">


<table class="table table-sm">
  <thead><tr><th class="status-col">Status</th><th class="timestamp-col">Timestamp</th><th class="details-col">Details</th></tr></thead>
  <tbody>
      <tr class="event-row">
        <td><span class="badge log fail-bg">Fail</span></td>
        <td>16:54</td>
        <td>
OpenQA.Selenium.NoSuchElementException: no such element: Unable to locate element: {"method":"css selector","selector":"#dropdown"}
  (Session info: chrome=125.0.6422.142); For documentation on this error, please visit: https://www.selenium.dev/documentation/webdriver/troubleshooting/errors#no-such-element-exception
   at OpenQA.Selenium.WebDriver.UnpackAndThrowOnError(Response errorResponse, String commandToExecute)
   at OpenQA.Selenium.WebDriver.Execute(String driverCommandToExecute, Dictionary`2 parameters)
   at OpenQA.Selenium.WebDriver.FindElement(String mechanism, String value)
   at OpenQA.Selenium.By.<.ctor>b__11_0(ISearchContext context)
   at OpenQA.Selenium.By.FindElement(ISearchContext context)
   at OpenQA.Selenium.WebDriver.FindElement(By by)
   at SeleniumTests.PageObjects.AutomationTestingPage.get_Dropdown() in C:\Users\kamir\source\repos\Selenium_Test\PageObjects\AutomationTestingPage.cs:line 22
   at SeleniumTests.PageObjects.AutomationTestingPage.SelectDropdownOption(String optionText) in C:\Users\kamir\source\repos\Selenium_Test\PageObjects\AutomationTestingPage.cs:line 48
   at SeleniumTests.Tests.AutomationTestingPageTests.Test5_VerifyDropdownSelection() in C:\Users\kamir\source\repos\Selenium_Test\Tests\AutomationTestingPageTest.cs:line 138        </td>
      </tr>
      <tr class="event-row">
        <td><span class="badge log fail-bg">Fail</span></td>
        <td>16:54</td>
        <td>
Test ended with Fail<pre>   at OpenQA.Selenium.WebDriver.UnpackAndThrowOnError(Response errorResponse, String commandToExecute)
   at OpenQA.Selenium.WebDriver.Execute(String driverCommandToExecute, Dictionary`2 parameters)
   at OpenQA.Selenium.WebDriver.FindElement(String mechanism, String value)
   at OpenQA.Selenium.By.<.ctor>b__11_0(ISearchContext context)
   at OpenQA.Selenium.By.FindElement(ISearchContext context)
   at OpenQA.Selenium.WebDriver.FindElement(By by)
   at SeleniumTests.PageObjects.AutomationTestingPage.get_Dropdown() in C:\Users\kamir\source\repos\Selenium_Test\PageObjects\AutomationTestingPage.cs:line 22
   at SeleniumTests.PageObjects.AutomationTestingPage.SelectDropdownOption(String optionText) in C:\Users\kamir\source\repos\Selenium_Test\PageObjects\AutomationTestingPage.cs:line 48
   at SeleniumTests.Tests.AutomationTestingPageTests.Test5_VerifyDropdownSelection() in C:\Users\kamir\source\repos\Selenium_Test\Tests\AutomationTestingPageTest.cs:line 138
   at System.RuntimeMethodHandle.InvokeMethod(Object target, Void** arguments, Signature sig, Boolean isConstructor)
   at System.Reflection.MethodBaseInvoker.InvokeWithNoArgs(Object obj, BindingFlags invokeAttr)</pre>        </td>
      </tr>
  </tbody>
</table></div>
          </div>
        </li>
        <li class="test-item" status="fail" test-id="7"
          author=""
          tag=""
          device="">
          <div class="test-detail">
            <p class="name">Test6_VerifyCheckboxSelection</p>
            <p class="text-sm">
              <span>16:54:30</span> / <span>15.44 ms</span>
              <span class="badge fail-bg log float-right">Fail</span>
            </p>
          </div>
          <div class="test-contents d-none">
            <div class="detail-head">
              <div class="p-v-10">
                <div class="info">
                  <h5 class="test-status text-fail">Test6_VerifyCheckboxSelection</h5>
                  <span class='badge badge-success'>05/06/2024 16:54:30</span>
                  <span class='badge badge-danger'>05/06/2024 16:54:30</span>
                  <span class='badge badge-default'>15.44 ms</span>
                  &middot; <span class='uri-anchor badge badge-default'>#test-id=7</span>
                  <span title='Skip to the next failed step' class='badge badge-danger pointer float-right ne ml-1'><i class="fa fa-fast-forward"></i></span>
                  <span title='Collapse all nodes' class='badge badge-default pointer float-right ct ml-1'><i class="fa fa-compress"></i></span>
                  <span title='Expand all nodes' class='badge badge-default pointer float-right et'><i class="fa fa-expand"></i></span>
                </div>
              </div>
            </div>


<div class="detail-body mt-4">


<table class="table table-sm">
  <thead><tr><th class="status-col">Status</th><th class="timestamp-col">Timestamp</th><th class="details-col">Details</th></tr></thead>
  <tbody>
      <tr class="event-row">
        <td><span class="badge log fail-bg">Fail</span></td>
        <td>16:54</td>
        <td>
OpenQA.Selenium.NoSuchElementException: no such element: Unable to locate element: {"method":"css selector","selector":"#checkbox"}
  (Session info: chrome=125.0.6422.142); For documentation on this error, please visit: https://www.selenium.dev/documentation/webdriver/troubleshooting/errors#no-such-element-exception
   at OpenQA.Selenium.WebDriver.UnpackAndThrowOnError(Response errorResponse, String commandToExecute)
   at OpenQA.Selenium.WebDriver.Execute(String driverCommandToExecute, Dictionary`2 parameters)
   at OpenQA.Selenium.WebDriver.FindElement(String mechanism, String value)
   at OpenQA.Selenium.By.<.ctor>b__11_0(ISearchContext context)
   at OpenQA.Selenium.By.FindElement(ISearchContext context)
   at OpenQA.Selenium.WebDriver.FindElement(By by)
   at SeleniumTests.PageObjects.AutomationTestingPage.get_Checkbox() in C:\Users\kamir\source\repos\Selenium_Test\PageObjects\AutomationTestingPage.cs:line 23
   at SeleniumTests.PageObjects.AutomationTestingPage.CheckCheckbox() in C:\Users\kamir\source\repos\Selenium_Test\PageObjects\AutomationTestingPage.cs:line 53
   at SeleniumTests.Tests.AutomationTestingPageTests.Test6_VerifyCheckboxSelection() in C:\Users\kamir\source\repos\Selenium_Test\Tests\AutomationTestingPageTest.cs:line 154        </td>
      </tr>
      <tr class="event-row">
        <td><span class="badge log fail-bg">Fail</span></td>
        <td>16:54</td>
        <td>
Test ended with Fail<pre>   at OpenQA.Selenium.WebDriver.UnpackAndThrowOnError(Response errorResponse, String commandToExecute)
   at OpenQA.Selenium.WebDriver.Execute(String driverCommandToExecute, Dictionary`2 parameters)
   at OpenQA.Selenium.WebDriver.FindElement(String mechanism, String value)
   at OpenQA.Selenium.By.<.ctor>b__11_0(ISearchContext context)
   at OpenQA.Selenium.By.FindElement(ISearchContext context)
   at OpenQA.Selenium.WebDriver.FindElement(By by)
   at SeleniumTests.PageObjects.AutomationTestingPage.get_Checkbox() in C:\Users\kamir\source\repos\Selenium_Test\PageObjects\AutomationTestingPage.cs:line 23
   at SeleniumTests.PageObjects.AutomationTestingPage.CheckCheckbox() in C:\Users\kamir\source\repos\Selenium_Test\PageObjects\AutomationTestingPage.cs:line 53
   at SeleniumTests.Tests.AutomationTestingPageTests.Test6_VerifyCheckboxSelection() in C:\Users\kamir\source\repos\Selenium_Test\Tests\AutomationTestingPageTest.cs:line 154
   at System.RuntimeMethodHandle.InvokeMethod(Object target, Void** arguments, Signature sig, Boolean isConstructor)
   at System.Reflection.MethodBaseInvoker.InvokeWithNoArgs(Object obj, BindingFlags invokeAttr)</pre>        </td>
      </tr>
  </tbody>
</table></div>
          </div>
        </li>
        <li class="test-item" status="fail" test-id="8"
          author=""
          tag=""
          device="">
          <div class="test-detail">
            <p class="name">Test7_VerifyRadioButtonSelection</p>
            <p class="text-sm">
              <span>16:54:34</span> / <span>13.51 ms</span>
              <span class="badge fail-bg log float-right">Fail</span>
            </p>
          </div>
          <div class="test-contents d-none">
            <div class="detail-head">
              <div class="p-v-10">
                <div class="info">
                  <h5 class="test-status text-fail">Test7_VerifyRadioButtonSelection</h5>
                  <span class='badge badge-success'>05/06/2024 16:54:34</span>
                  <span class='badge badge-danger'>05/06/2024 16:54:34</span>
                  <span class='badge badge-default'>13.51 ms</span>
                  &middot; <span class='uri-anchor badge badge-default'>#test-id=8</span>
                  <span title='Skip to the next failed step' class='badge badge-danger pointer float-right ne ml-1'><i class="fa fa-fast-forward"></i></span>
                  <span title='Collapse all nodes' class='badge badge-default pointer float-right ct ml-1'><i class="fa fa-compress"></i></span>
                  <span title='Expand all nodes' class='badge badge-default pointer float-right et'><i class="fa fa-expand"></i></span>
                </div>
              </div>
            </div>


<div class="detail-body mt-4">


<table class="table table-sm">
  <thead><tr><th class="status-col">Status</th><th class="timestamp-col">Timestamp</th><th class="details-col">Details</th></tr></thead>
  <tbody>
      <tr class="event-row">
        <td><span class="badge log fail-bg">Fail</span></td>
        <td>16:54</td>
        <td>
OpenQA.Selenium.NoSuchElementException: no such element: Unable to locate element: {"method":"css selector","selector":"#radio1"}
  (Session info: chrome=125.0.6422.142); For documentation on this error, please visit: https://www.selenium.dev/documentation/webdriver/troubleshooting/errors#no-such-element-exception
   at OpenQA.Selenium.WebDriver.UnpackAndThrowOnError(Response errorResponse, String commandToExecute)
   at OpenQA.Selenium.WebDriver.Execute(String driverCommandToExecute, Dictionary`2 parameters)
   at OpenQA.Selenium.WebDriver.FindElement(String mechanism, String value)
   at OpenQA.Selenium.By.<.ctor>b__11_0(ISearchContext context)
   at OpenQA.Selenium.By.FindElement(ISearchContext context)
   at OpenQA.Selenium.WebDriver.FindElement(By by)
   at SeleniumTests.PageObjects.AutomationTestingPage.get_RadioButton1() in C:\Users\kamir\source\repos\Selenium_Test\PageObjects\AutomationTestingPage.cs:line 24
   at SeleniumTests.PageObjects.AutomationTestingPage.SelectRadioButton() in C:\Users\kamir\source\repos\Selenium_Test\PageObjects\AutomationTestingPage.cs:line 61
   at SeleniumTests.Tests.AutomationTestingPageTests.Test7_VerifyRadioButtonSelection() in C:\Users\kamir\source\repos\Selenium_Test\Tests\AutomationTestingPageTest.cs:line 170        </td>
      </tr>
      <tr class="event-row">
        <td><span class="badge log fail-bg">Fail</span></td>
        <td>16:54</td>
        <td>
Test ended with Fail<pre>   at OpenQA.Selenium.WebDriver.UnpackAndThrowOnError(Response errorResponse, String commandToExecute)
   at OpenQA.Selenium.WebDriver.Execute(String driverCommandToExecute, Dictionary`2 parameters)
   at OpenQA.Selenium.WebDriver.FindElement(String mechanism, String value)
   at OpenQA.Selenium.By.<.ctor>b__11_0(ISearchContext context)
   at OpenQA.Selenium.By.FindElement(ISearchContext context)
   at OpenQA.Selenium.WebDriver.FindElement(By by)
   at SeleniumTests.PageObjects.AutomationTestingPage.get_RadioButton1() in C:\Users\kamir\source\repos\Selenium_Test\PageObjects\AutomationTestingPage.cs:line 24
   at SeleniumTests.PageObjects.AutomationTestingPage.SelectRadioButton() in C:\Users\kamir\source\repos\Selenium_Test\PageObjects\AutomationTestingPage.cs:line 61
   at SeleniumTests.Tests.AutomationTestingPageTests.Test7_VerifyRadioButtonSelection() in C:\Users\kamir\source\repos\Selenium_Test\Tests\AutomationTestingPageTest.cs:line 170
   at System.RuntimeMethodHandle.InvokeMethod(Object target, Void** arguments, Signature sig, Boolean isConstructor)
   at System.Reflection.MethodBaseInvoker.InvokeWithNoArgs(Object obj, BindingFlags invokeAttr)</pre>        </td>
      </tr>
  </tbody>
</table></div>
          </div>
        </li>
        <li class="test-item" status="fail" test-id="9"
          author=""
          tag=""
          device="">
          <div class="test-detail">
            <p class="name">Test8_VerifyButtonClick</p>
            <p class="text-sm">
              <span>16:54:38</span> / <span>12.45 ms</span>
              <span class="badge fail-bg log float-right">Fail</span>
            </p>
          </div>
          <div class="test-contents d-none">
            <div class="detail-head">
              <div class="p-v-10">
                <div class="info">
                  <h5 class="test-status text-fail">Test8_VerifyButtonClick</h5>
                  <span class='badge badge-success'>05/06/2024 16:54:38</span>
                  <span class='badge badge-danger'>05/06/2024 16:54:38</span>
                  <span class='badge badge-default'>12.45 ms</span>
                  &middot; <span class='uri-anchor badge badge-default'>#test-id=9</span>
                  <span title='Skip to the next failed step' class='badge badge-danger pointer float-right ne ml-1'><i class="fa fa-fast-forward"></i></span>
                  <span title='Collapse all nodes' class='badge badge-default pointer float-right ct ml-1'><i class="fa fa-compress"></i></span>
                  <span title='Expand all nodes' class='badge badge-default pointer float-right et'><i class="fa fa-expand"></i></span>
                </div>
              </div>
            </div>


<div class="detail-body mt-4">


<table class="table table-sm">
  <thead><tr><th class="status-col">Status</th><th class="timestamp-col">Timestamp</th><th class="details-col">Details</th></tr></thead>
  <tbody>
      <tr class="event-row">
        <td><span class="badge log fail-bg">Fail</span></td>
        <td>16:54</td>
        <td>
OpenQA.Selenium.NoSuchElementException: no such element: Unable to locate element: {"method":"css selector","selector":"#submitButton"}
  (Session info: chrome=125.0.6422.142); For documentation on this error, please visit: https://www.selenium.dev/documentation/webdriver/troubleshooting/errors#no-such-element-exception
   at OpenQA.Selenium.WebDriver.UnpackAndThrowOnError(Response errorResponse, String commandToExecute)
   at OpenQA.Selenium.WebDriver.Execute(String driverCommandToExecute, Dictionary`2 parameters)
   at OpenQA.Selenium.WebDriver.FindElement(String mechanism, String value)
   at OpenQA.Selenium.By.<.ctor>b__11_0(ISearchContext context)
   at OpenQA.Selenium.By.FindElement(ISearchContext context)
   at OpenQA.Selenium.WebDriver.FindElement(By by)
   at SeleniumTests.PageObjects.AutomationTestingPage.get_SubmitButton() in C:\Users\kamir\source\repos\Selenium_Test\PageObjects\AutomationTestingPage.cs:line 25
   at SeleniumTests.PageObjects.AutomationTestingPage.SubmitForm() in C:\Users\kamir\source\repos\Selenium_Test\PageObjects\AutomationTestingPage.cs:line 66
   at SeleniumTests.Tests.AutomationTestingPageTests.Test8_VerifyButtonClick() in C:\Users\kamir\source\repos\Selenium_Test\Tests\AutomationTestingPageTest.cs:line 186        </td>
      </tr>
      <tr class="event-row">
        <td><span class="badge log fail-bg">Fail</span></td>
        <td>16:54</td>
        <td>
Test ended with Fail<pre>   at OpenQA.Selenium.WebDriver.UnpackAndThrowOnError(Response errorResponse, String commandToExecute)
   at OpenQA.Selenium.WebDriver.Execute(String driverCommandToExecute, Dictionary`2 parameters)
   at OpenQA.Selenium.WebDriver.FindElement(String mechanism, String value)
   at OpenQA.Selenium.By.<.ctor>b__11_0(ISearchContext context)
   at OpenQA.Selenium.By.FindElement(ISearchContext context)
   at OpenQA.Selenium.WebDriver.FindElement(By by)
   at SeleniumTests.PageObjects.AutomationTestingPage.get_SubmitButton() in C:\Users\kamir\source\repos\Selenium_Test\PageObjects\AutomationTestingPage.cs:line 25
   at SeleniumTests.PageObjects.AutomationTestingPage.SubmitForm() in C:\Users\kamir\source\repos\Selenium_Test\PageObjects\AutomationTestingPage.cs:line 66
   at SeleniumTests.Tests.AutomationTestingPageTests.Test8_VerifyButtonClick() in C:\Users\kamir\source\repos\Selenium_Test\Tests\AutomationTestingPageTest.cs:line 186
   at System.RuntimeMethodHandle.InvokeMethod(Object target, Void** arguments, Signature sig, Boolean isConstructor)
   at System.Reflection.MethodBaseInvoker.InvokeWithNoArgs(Object obj, BindingFlags invokeAttr)</pre>        </td>
      </tr>
  </tbody>
</table></div>
          </div>
        </li>
        <li class="test-item" status="fail" test-id="10"
          author=""
          tag=""
          device="">
          <div class="test-detail">
            <p class="name">Test9_VerifyLinkNavigation</p>
            <p class="text-sm">
              <span>16:54:42</span> / <span>19.05 ms</span>
              <span class="badge fail-bg log float-right">Fail</span>
            </p>
          </div>
          <div class="test-contents d-none">
            <div class="detail-head">
              <div class="p-v-10">
                <div class="info">
                  <h5 class="test-status text-fail">Test9_VerifyLinkNavigation</h5>
                  <span class='badge badge-success'>05/06/2024 16:54:42</span>
                  <span class='badge badge-danger'>05/06/2024 16:54:42</span>
                  <span class='badge badge-default'>19.05 ms</span>
                  &middot; <span class='uri-anchor badge badge-default'>#test-id=10</span>
                  <span title='Skip to the next failed step' class='badge badge-danger pointer float-right ne ml-1'><i class="fa fa-fast-forward"></i></span>
                  <span title='Collapse all nodes' class='badge badge-default pointer float-right ct ml-1'><i class="fa fa-compress"></i></span>
                  <span title='Expand all nodes' class='badge badge-default pointer float-right et'><i class="fa fa-expand"></i></span>
                </div>
              </div>
            </div>


<div class="detail-body mt-4">


<table class="table table-sm">
  <thead><tr><th class="status-col">Status</th><th class="timestamp-col">Timestamp</th><th class="details-col">Details</th></tr></thead>
  <tbody>
      <tr class="event-row">
        <td><span class="badge log fail-bg">Fail</span></td>
        <td>16:54</td>
        <td>
OpenQA.Selenium.NoSuchElementException: no such element: Unable to locate element: {"method":"link text","selector":"This is a link"}
  (Session info: chrome=125.0.6422.142); For documentation on this error, please visit: https://www.selenium.dev/documentation/webdriver/troubleshooting/errors#no-such-element-exception
   at OpenQA.Selenium.WebDriver.UnpackAndThrowOnError(Response errorResponse, String commandToExecute)
   at OpenQA.Selenium.WebDriver.Execute(String driverCommandToExecute, Dictionary`2 parameters)
   at OpenQA.Selenium.WebDriver.FindElement(String mechanism, String value)
   at OpenQA.Selenium.By.<.ctor>b__11_0(ISearchContext context)
   at OpenQA.Selenium.By.FindElement(ISearchContext context)
   at OpenQA.Selenium.WebDriver.FindElement(By by)
   at SeleniumTests.PageObjects.AutomationTestingPage.get_Link() in C:\Users\kamir\source\repos\Selenium_Test\PageObjects\AutomationTestingPage.cs:line 27
   at SeleniumTests.PageObjects.AutomationTestingPage.ClickLink() in C:\Users\kamir\source\repos\Selenium_Test\PageObjects\AutomationTestingPage.cs:line 71
   at SeleniumTests.Tests.AutomationTestingPageTests.Test9_VerifyLinkNavigation() in C:\Users\kamir\source\repos\Selenium_Test\Tests\AutomationTestingPageTest.cs:line 202        </td>
      </tr>
      <tr class="event-row">
        <td><span class="badge log fail-bg">Fail</span></td>
        <td>16:54</td>
        <td>
Test ended with Fail<pre>   at OpenQA.Selenium.WebDriver.UnpackAndThrowOnError(Response errorResponse, String commandToExecute)
   at OpenQA.Selenium.WebDriver.Execute(String driverCommandToExecute, Dictionary`2 parameters)
   at OpenQA.Selenium.WebDriver.FindElement(String mechanism, String value)
   at OpenQA.Selenium.By.<.ctor>b__11_0(ISearchContext context)
   at OpenQA.Selenium.By.FindElement(ISearchContext context)
   at OpenQA.Selenium.WebDriver.FindElement(By by)
   at SeleniumTests.PageObjects.AutomationTestingPage.get_Link() in C:\Users\kamir\source\repos\Selenium_Test\PageObjects\AutomationTestingPage.cs:line 27
   at SeleniumTests.PageObjects.AutomationTestingPage.ClickLink() in C:\Users\kamir\source\repos\Selenium_Test\PageObjects\AutomationTestingPage.cs:line 71
   at SeleniumTests.Tests.AutomationTestingPageTests.Test9_VerifyLinkNavigation() in C:\Users\kamir\source\repos\Selenium_Test\Tests\AutomationTestingPageTest.cs:line 202
   at System.RuntimeMethodHandle.InvokeMethod(Object target, Void** arguments, Signature sig, Boolean isConstructor)
   at System.Reflection.MethodBaseInvoker.InvokeWithNoArgs(Object obj, BindingFlags invokeAttr)</pre>        </td>
      </tr>
  </tbody>
</table></div>
          </div>
        </li>
      </ul>
    </div>
  </div>
  <div class="test-content scrollable">
    <div class="test-content-tools">
      <ul><li><a class="back-to-test" href="#"><i class="fa fa-arrow-left"></i></a></li></ul>
    </div>
    <div class="test-content-detail"><div class="detail-body"></div></div>
  </div>
</div>

     

<div class="container-fluid p-4 view dashboard-view">
  <div class="row">
    <div class="col-md-3">
      <div class="card"><div class="card-body">
          <p class="m-b-0">Started</p>
          <h3>05/06/2024 16:53:59</h3>
      </div></div>
    </div>
    <div class="col-md-3">
      <div class="card"><div class="card-body">
          <p class="m-b-0">Ended</p>
          <h3>05/06/2024 16:54:42</h3>
      </div></div>
    </div>
    <div class="col-md-3">
      <div class="card"><div class="card-body">
          <p class="m-b-0 text-pass">Tests Passed</p>
          <h3>2</h3>
      </div></div>
    </div>
    <div class="col-md-3">
      <div class="card"><div class="card-body">
          <p class="m-b-0 text-fail">Tests Failed</p>
          <h3>8</h3>
      </div></div>
    </div>
  </div>
  <div class="row">
    <div class="col-md-6">
      <div class="card">
        <div class="card-header">
          <h6 class="card-title">Tests</h6>
        </div>
        <div class="card-body">
          <div class="">
            <canvas id='parent-analysis' width='115' height='90'></canvas>
          </div>
        </div>
        <div class="card-footer">
          <div><small data-tooltip='0%'>
            <b>2</b> tests passed
            </small>
          </div>
          <div>
            <small data-tooltip='0%'><b>8</b> tests failed, 
            <b>0</b> skipped, <b data-tooltip='0%'>0</b> others
            </small>
          </div>
        </div>
      </div>
    </div>
    <div class="col-md-6">
      <div class="card">
        <div class="card-header">
          <h6 class="card-title">Log events</h6>
        </div>
        <div class="card-body">
          <div class="">
            <canvas id='events-analysis' width='115' height='90'></canvas>
          </div>
        </div>
        <div class="card-footer">
          <div><small data-tooltip='0%'><b>4</b> events passed</small></div>
          <div>
            <small data-tooltip='0%'><b>16</b> events failed, 
            <b data-tooltip='%'>0</b> others
            </small>
          </div>
        </div>
      </div>
    </div>
  </div>
  <div class="row"><div class="col-md-12">
    <div class="card"><div class="card-header"><p>Timeline</p></div>
      <div class="card-body pt-0"><div>
        <canvas id="timeline" height="120"></canvas>
      </div></div>
    </div>
  </div></div>
  <script>
	var timeline = { "Test1_VerifyPageTitle":55.1433,"Test10_VerifyImagePresence":30.7121,"Test2_VerifyHeadingText":27.79,"Test3_VerifyTextInput":126.9128,"Test4_VerifyTextAreaInput":17.9432,"Test5_VerifyDropdownSelection":22.524,"Test6_VerifyCheckboxSelection":15.4433,"Test7_VerifyRadioButtonSelection":13.5092,"Test8_VerifyButtonClick":12.4515,"Test9_VerifyLinkNavigation":19.0465 };
  </script>
  <div class="row">
  </div>
</div>
<script>
  var statusGroup = {
    parentCount: 10,
    childCount: 0,
    grandChildCount: 0,
    eventsCount: 20,

passParent:2,failParent:8,warningParent:0,skipParent:0,    
passChild:0,failChild:0,warningChild:0,skipChild:0,infoChild:0,    
passGrandChild:0,failGrandChild:0,warningGrandChild:0,skipGrandChild:0,infoGrandChild:0,    
passEvents:4,failEvents:16,warningEvents:0,skipEvents:0,infoEvents:0,  };
</script>

    </div>
   </div>
  </div>
 </div>
 <script src="https://cdn.jsdelivr.net/gh/extent-framework/extent-github-cdn@c439bdbc7bade3d85af3b90e9e69c30ebc87445f/spark/js/spark-script.js"></script>
<script type='text/javascript'></script>
</body>
</html>